Determining if the Q_WS_WIN exist failed with the following output:
Change Dir: /home/huangliang/PointCloudThread/cmake-build-debug/CMakeFiles/CMakeTmp

Run Build Command:"/usr/bin/make" "cmTC_05efc/fast"
/usr/bin/make -f CMakeFiles/cmTC_05efc.dir/build.make CMakeFiles/cmTC_05efc.dir/build
make[1]: 正在进入目录 `/home/huangliang/PointCloudThread/cmake-build-debug/CMakeFiles/CMakeTmp'
Building CXX object CMakeFiles/cmTC_05efc.dir/CheckSymbolExists.cxx.o
/usr/bin/c++    -I/usr/include/qt4   -o CMakeFiles/cmTC_05efc.dir/CheckSymbolExists.cxx.o -c /home/huangliang/PointCloudThread/cmake-build-debug/CMakeFiles/CMakeTmp/CheckSymbolExists.cxx
/home/huangliang/PointCloudThread/cmake-build-debug/CMakeFiles/CMakeTmp/CheckSymbolExists.cxx: In function ‘int main(int, char**)’:
/home/huangliang/PointCloudThread/cmake-build-debug/CMakeFiles/CMakeTmp/CheckSymbolExists.cxx:8:19: error: ‘Q_WS_WIN’ was not declared in this scope
   return ((int*)(&Q_WS_WIN))[argc];
                   ^
make[1]: *** [CMakeFiles/cmTC_05efc.dir/CheckSymbolExists.cxx.o] 错误 1
make[1]:正在离开目录 `/home/huangliang/PointCloudThread/cmake-build-debug/CMakeFiles/CMakeTmp'
make: *** [cmTC_05efc/fast] 错误 2

File /home/huangliang/PointCloudThread/cmake-build-debug/CMakeFiles/CMakeTmp/CheckSymbolExists.cxx:
/* */
#include <QtCore/qglobal.h>

int main(int argc, char** argv)
{
  (void)argv;
#ifndef Q_WS_WIN
  return ((int*)(&Q_WS_WIN))[argc];
#else
  (void)argc;
  return 0;
#endif
}

Determining if the Q_WS_QWS exist failed with the following output:
Change Dir: /home/huangliang/PointCloudThread/cmake-build-debug/CMakeFiles/CMakeTmp

Run Build Command:"/usr/bin/make" "cmTC_0646e/fast"
/usr/bin/make -f CMakeFiles/cmTC_0646e.dir/build.make CMakeFiles/cmTC_0646e.dir/build
make[1]: 正在进入目录 `/home/huangliang/PointCloudThread/cmake-build-debug/CMakeFiles/CMakeTmp'
Building CXX object CMakeFiles/cmTC_0646e.dir/CheckSymbolExists.cxx.o
/usr/bin/c++    -I/usr/include/qt4   -o CMakeFiles/cmTC_0646e.dir/CheckSymbolExists.cxx.o -c /home/huangliang/PointCloudThread/cmake-build-debug/CMakeFiles/CMakeTmp/CheckSymbolExists.cxx
/home/huangliang/PointCloudThread/cmake-build-debug/CMakeFiles/CMakeTmp/CheckSymbolExists.cxx: In function ‘int main(int, char**)’:
/home/huangliang/PointCloudThread/cmake-build-debug/CMakeFiles/CMakeTmp/CheckSymbolExists.cxx:8:19: error: ‘Q_WS_QWS’ was not declared in this scope
   return ((int*)(&Q_WS_QWS))[argc];
                   ^
make[1]: *** [CMakeFiles/cmTC_0646e.dir/CheckSymbolExists.cxx.o] 错误 1
make[1]:正在离开目录 `/home/huangliang/PointCloudThread/cmake-build-debug/CMakeFiles/CMakeTmp'
make: *** [cmTC_0646e/fast] 错误 2

File /home/huangliang/PointCloudThread/cmake-build-debug/CMakeFiles/CMakeTmp/CheckSymbolExists.cxx:
/* */
#include <QtCore/qglobal.h>

int main(int argc, char** argv)
{
  (void)argv;
#ifndef Q_WS_QWS
  return ((int*)(&Q_WS_QWS))[argc];
#else
  (void)argc;
  return 0;
#endif
}

Determining if the Q_WS_MAC exist failed with the following output:
Change Dir: /home/huangliang/PointCloudThread/cmake-build-debug/CMakeFiles/CMakeTmp

Run Build Command:"/usr/bin/make" "cmTC_8756b/fast"
/usr/bin/make -f CMakeFiles/cmTC_8756b.dir/build.make CMakeFiles/cmTC_8756b.dir/build
make[1]: 正在进入目录 `/home/huangliang/PointCloudThread/cmake-build-debug/CMakeFiles/CMakeTmp'
Building CXX object CMakeFiles/cmTC_8756b.dir/CheckSymbolExists.cxx.o
/usr/bin/c++    -I/usr/include/qt4   -o CMakeFiles/cmTC_8756b.dir/CheckSymbolExists.cxx.o -c /home/huangliang/PointCloudThread/cmake-build-debug/CMakeFiles/CMakeTmp/CheckSymbolExists.cxx
/home/huangliang/PointCloudThread/cmake-build-debug/CMakeFiles/CMakeTmp/CheckSymbolExists.cxx: In function ‘int main(int, char**)’:
/home/huangliang/PointCloudThread/cmake-build-debug/CMakeFiles/CMakeTmp/CheckSymbolExists.cxx:8:19: error: ‘Q_WS_MAC’ was not declared in this scope
   return ((int*)(&Q_WS_MAC))[argc];
                   ^
make[1]: *** [CMakeFiles/cmTC_8756b.dir/CheckSymbolExists.cxx.o] 错误 1
make[1]:正在离开目录 `/home/huangliang/PointCloudThread/cmake-build-debug/CMakeFiles/CMakeTmp'
make: *** [cmTC_8756b/fast] 错误 2

File /home/huangliang/PointCloudThread/cmake-build-debug/CMakeFiles/CMakeTmp/CheckSymbolExists.cxx:
/* */
#include <QtCore/qglobal.h>

int main(int argc, char** argv)
{
  (void)argv;
#ifndef Q_WS_MAC
  return ((int*)(&Q_WS_MAC))[argc];
#else
  (void)argc;
  return 0;
#endif
}

Determining if the pthread_create exist failed with the following output:
Change Dir: /home/huangliang/PointCloudThread/cmake-build-debug/CMakeFiles/CMakeTmp

Run Build Command:"/usr/bin/make" "cmTC_a5872/fast"
/usr/bin/make -f CMakeFiles/cmTC_a5872.dir/build.make CMakeFiles/cmTC_a5872.dir/build
make[1]: 正在进入目录 `/home/huangliang/PointCloudThread/cmake-build-debug/CMakeFiles/CMakeTmp'
Building C object CMakeFiles/cmTC_a5872.dir/CheckSymbolExists.c.o
/usr/bin/cc     -o CMakeFiles/cmTC_a5872.dir/CheckSymbolExists.c.o   -c /home/huangliang/PointCloudThread/cmake-build-debug/CMakeFiles/CMakeTmp/CheckSymbolExists.c
Linking C executable cmTC_a5872
/home/huangliang/download/clion-2017.1.1/bin/cmake/bin/cmake -E cmake_link_script CMakeFiles/cmTC_a5872.dir/link.txt --verbose=1
/usr/bin/cc       CMakeFiles/cmTC_a5872.dir/CheckSymbolExists.c.o  -o cmTC_a5872 -rdynamic 
CMakeFiles/cmTC_a5872.dir/CheckSymbolExists.c.o：在函数‘main’中：
CheckSymbolExists.c:(.text+0x16)：对‘pthread_create’未定义的引用
collect2: error: ld returned 1 exit status
make[1]: *** [cmTC_a5872] 错误 1
make[1]:正在离开目录 `/home/huangliang/PointCloudThread/cmake-build-debug/CMakeFiles/CMakeTmp'
make: *** [cmTC_a5872/fast] 错误 2

File /home/huangliang/PointCloudThread/cmake-build-debug/CMakeFiles/CMakeTmp/CheckSymbolExists.c:
/* */
#include <pthread.h>

int main(int argc, char** argv)
{
  (void)argv;
#ifndef pthread_create
  return ((int*)(&pthread_create))[argc];
#else
  (void)argc;
  return 0;
#endif
}

Determining if the function pthread_create exists in the pthreads failed with the following output:
Change Dir: /home/huangliang/PointCloudThread/cmake-build-debug/CMakeFiles/CMakeTmp

Run Build Command:"/usr/bin/make" "cmTC_56a00/fast"
/usr/bin/make -f CMakeFiles/cmTC_56a00.dir/build.make CMakeFiles/cmTC_56a00.dir/build
make[1]: 正在进入目录 `/home/huangliang/PointCloudThread/cmake-build-debug/CMakeFiles/CMakeTmp'
Building C object CMakeFiles/cmTC_56a00.dir/CheckFunctionExists.c.o
/usr/bin/cc    -DCHECK_FUNCTION_EXISTS=pthread_create   -o CMakeFiles/cmTC_56a00.dir/CheckFunctionExists.c.o   -c /home/huangliang/download/clion-2017.1.1/bin/cmake/share/cmake-3.7/Modules/CheckFunctionExists.c
Linking C executable cmTC_56a00
/home/huangliang/download/clion-2017.1.1/bin/cmake/bin/cmake -E cmake_link_script CMakeFiles/cmTC_56a00.dir/link.txt --verbose=1
/usr/bin/cc   -DCHECK_FUNCTION_EXISTS=pthread_create    CMakeFiles/cmTC_56a00.dir/CheckFunctionExists.c.o  -o cmTC_56a00 -rdynamic -lpthreads 
/usr/bin/ld: 找不到 -lpthreads
collect2: error: ld returned 1 exit status
make[1]: *** [cmTC_56a00] 错误 1
make[1]:正在离开目录 `/home/huangliang/PointCloudThread/cmake-build-debug/CMakeFiles/CMakeTmp'
make: *** [cmTC_56a00/fast] 错误 2


